<?xml version="1.0" encoding="UTF-8"?>
<coverage generated="1613504798087" clover="3.2.0">
  <project timestamp="1613504798087" name="All files">
    <metrics statements="6" coveredstatements="6" conditionals="2" coveredconditionals="2" methods="4" coveredmethods="4" elements="12" coveredelements="12" complexity="0" loc="6" ncloc="6" packages="1" files="2" classes="2"/>
    <file name="HomeScreen.js" path="/Users/bartkalanski/Desktop/coding-projects/react/ecommerce-mern/frontend/src/screens/HomeScreen.js">
      <metrics statements="3" coveredstatements="3" conditionals="0" coveredconditionals="0" methods="2" coveredmethods="2"/>
      <line num="6" count="3" type="stmt"/>
      <line num="7" count="1" type="stmt"/>
      <line num="12" count="6" type="stmt"/>
    </file>
    <file name="ProductScreen.js" path="/Users/bartkalanski/Desktop/coding-projects/react/ecommerce-mern/frontend/src/screens/ProductScreen.js">
      <metrics statements="3" coveredstatements="3" conditionals="2" coveredconditionals="2" methods="2" coveredmethods="2"/>
      <line num="7" count="3" type="stmt"/>
      <line num="8" count="8" type="stmt"/>
      <line num="9" count="3" type="stmt"/>
    </file>
  </project>
</coverage>
