{"/Users/bartkalanski/Desktop/coding-projects/react/ecommerce-mern/frontend/src/App.js": {"path":"/Users/bartkalanski/Desktop/coding-projects/react/ecommerce-mern/frontend/src/App.js","statementMap":{"0":{"start":{"line":9,"column":12},"end":{"line":24,"column":1}},"1":{"start":{"line":10,"column":2},"end":{"line":23,"column":4}}},"fnMap":{"0":{"name":"(anonymous_0)","decl":{"start":{"line":9,"column":12},"end":{"line":9,"column":13}},"loc":{"start":{"line":9,"column":18},"end":{"line":24,"column":1}},"line":9}},"branchMap":{},"s":{"0":2,"1":1},"f":{"0":1},"b":{},"_coverageSchema":"1a1c01bbd47fc00a2c39e90264f33305004495a9","hash":"62b6e63336276bf94a740f52b4615f88a1dca645"}
,"/Users/bartkalanski/Desktop/coding-projects/react/ecommerce-mern/frontend/src/index.js": {"path":"/Users/bartkalanski/Desktop/coding-projects/react/ecommerce-mern/frontend/src/index.js","statementMap":{"0":{"start":{"line":9,"column":0},"end":{"line":9,"column":93}}},"fnMap":{},"branchMap":{},"s":{"0":1},"f":{},"b":{},"_coverageSchema":"1a1c01bbd47fc00a2c39e90264f33305004495a9","hash":"fb04fdc752b300d59b5f824006c51bcd5e1c8a98"}
,"/Users/bartkalanski/Desktop/coding-projects/react/ecommerce-mern/frontend/src/store.js": {"path":"/Users/bartkalanski/Desktop/coding-projects/react/ecommerce-mern/frontend/src/store.js","statementMap":{"0":{"start":{"line":6,"column":16},"end":{"line":8,"column":2}},"1":{"start":{"line":10,"column":21},"end":{"line":10,"column":23}},"2":{"start":{"line":12,"column":19},"end":{"line":12,"column":26}},"3":{"start":{"line":14,"column":14},"end":{"line":14,"column":101}}},"fnMap":{},"branchMap":{},"s":{"0":1,"1":1,"2":1,"3":1},"f":{},"b":{},"_coverageSchema":"1a1c01bbd47fc00a2c39e90264f33305004495a9","hash":"82d1e26f26e262c8de1f99878cb17bf637c80e4f"}
,"/Users/bartkalanski/Desktop/coding-projects/react/ecommerce-mern/frontend/src/actions/productActions.js": {"path":"/Users/bartkalanski/Desktop/coding-projects/react/ecommerce-mern/frontend/src/actions/productActions.js","statementMap":{"0":{"start":{"line":8,"column":28},"end":{"line":25,"column":1}},"1":{"start":{"line":8,"column":34},"end":{"line":25,"column":1}},"2":{"start":{"line":9,"column":2},"end":{"line":24,"column":3}},"3":{"start":{"line":10,"column":4},"end":{"line":10,"column":45}},"4":{"start":{"line":11,"column":21},"end":{"line":11,"column":53}},"5":{"start":{"line":12,"column":4},"end":{"line":15,"column":7}},"6":{"start":{"line":17,"column":4},"end":{"line":23,"column":7}}},"fnMap":{"0":{"name":"(anonymous_0)","decl":{"start":{"line":8,"column":28},"end":{"line":8,"column":29}},"loc":{"start":{"line":8,"column":34},"end":{"line":25,"column":1}},"line":8},"1":{"name":"(anonymous_1)","decl":{"start":{"line":8,"column":34},"end":{"line":8,"column":35}},"loc":{"start":{"line":8,"column":54},"end":{"line":25,"column":1}},"line":8}},"branchMap":{"0":{"loc":{"start":{"line":20,"column":8},"end":{"line":22,"column":25}},"type":"cond-expr","locations":[{"start":{"line":21,"column":12},"end":{"line":21,"column":39}},{"start":{"line":22,"column":12},"end":{"line":22,"column":25}}],"line":20},"1":{"loc":{"start":{"line":20,"column":8},"end":{"line":20,"column":53}},"type":"binary-expr","locations":[{"start":{"line":20,"column":8},"end":{"line":20,"column":22}},{"start":{"line":20,"column":26},"end":{"line":20,"column":53}}],"line":20}},"s":{"0":3,"1":0,"2":0,"3":0,"4":0,"5":0,"6":0},"f":{"0":0,"1":0},"b":{"0":[0,0],"1":[0,0]},"_coverageSchema":"1a1c01bbd47fc00a2c39e90264f33305004495a9","hash":"1b1477668ca6bb74146d160a15129a8aabf722df"}
,"/Users/bartkalanski/Desktop/coding-projects/react/ecommerce-mern/frontend/src/constants/productConstants.js": {"path":"/Users/bartkalanski/Desktop/coding-projects/react/ecommerce-mern/frontend/src/constants/productConstants.js","statementMap":{"0":{"start":{"line":1,"column":36},"end":{"line":1,"column":58}},"1":{"start":{"line":2,"column":36},"end":{"line":2,"column":58}},"2":{"start":{"line":3,"column":33},"end":{"line":3,"column":52}}},"fnMap":{},"branchMap":{},"s":{"0":3,"1":3,"2":3},"f":{},"b":{},"_coverageSchema":"1a1c01bbd47fc00a2c39e90264f33305004495a9","hash":"07bb2e286a4a93b96b8f03582b1040415b1047e4"}
,"/Users/bartkalanski/Desktop/coding-projects/react/ecommerce-mern/frontend/src/reducers/productReducers.js": {"path":"/Users/bartkalanski/Desktop/coding-projects/react/ecommerce-mern/frontend/src/reducers/productReducers.js","statementMap":{"0":{"start":{"line":3,"column":34},"end":{"line":14,"column":1}},"1":{"start":{"line":4,"column":4},"end":{"line":13,"column":5}},"2":{"start":{"line":6,"column":12},"end":{"line":6,"column":50}},"3":{"start":{"line":8,"column":12},"end":{"line":8,"column":63}},"4":{"start":{"line":10,"column":12},"end":{"line":10,"column":60}},"5":{"start":{"line":12,"column":12},"end":{"line":12,"column":24}}},"fnMap":{"0":{"name":"(anonymous_0)","decl":{"start":{"line":3,"column":34},"end":{"line":3,"column":35}},"loc":{"start":{"line":3,"column":72},"end":{"line":14,"column":1}},"line":3}},"branchMap":{"0":{"loc":{"start":{"line":3,"column":35},"end":{"line":3,"column":59}},"type":"default-arg","locations":[{"start":{"line":3,"column":43},"end":{"line":3,"column":59}}],"line":3},"1":{"loc":{"start":{"line":4,"column":4},"end":{"line":13,"column":5}},"type":"switch","locations":[{"start":{"line":5,"column":8},"end":{"line":6,"column":50}},{"start":{"line":7,"column":8},"end":{"line":8,"column":63}},{"start":{"line":9,"column":8},"end":{"line":10,"column":60}},{"start":{"line":11,"column":8},"end":{"line":12,"column":24}}],"line":4}},"s":{"0":1,"1":3,"2":0,"3":0,"4":0,"5":3},"f":{"0":3},"b":{"0":[3],"1":[0,0,0,3]},"_coverageSchema":"1a1c01bbd47fc00a2c39e90264f33305004495a9","hash":"8a859e89a2fa00f4ac32c6559a9b0fdd0ce94df4"}
,"/Users/bartkalanski/Desktop/coding-projects/react/ecommerce-mern/frontend/src/screens/HomeScreen.js": {"path":"/Users/bartkalanski/Desktop/coding-projects/react/ecommerce-mern/frontend/src/screens/HomeScreen.js","statementMap":{"0":{"start":{"line":7,"column":19},"end":{"line":35,"column":1}},"1":{"start":{"line":8,"column":19},"end":{"line":8,"column":32}},"2":{"start":{"line":10,"column":22},"end":{"line":10,"column":63}},"3":{"start":{"line":10,"column":45},"end":{"line":10,"column":62}},"4":{"start":{"line":11,"column":39},"end":{"line":11,"column":50}},"5":{"start":{"line":13,"column":2},"end":{"line":15,"column":17}},"6":{"start":{"line":14,"column":4},"end":{"line":14,"column":29}},"7":{"start":{"line":17,"column":2},"end":{"line":34,"column":4}},"8":{"start":{"line":27,"column":12},"end":{"line":29,"column":18}}},"fnMap":{"0":{"name":"(anonymous_0)","decl":{"start":{"line":7,"column":19},"end":{"line":7,"column":20}},"loc":{"start":{"line":7,"column":25},"end":{"line":35,"column":1}},"line":7},"1":{"name":"(anonymous_1)","decl":{"start":{"line":10,"column":34},"end":{"line":10,"column":35}},"loc":{"start":{"line":10,"column":45},"end":{"line":10,"column":62}},"line":10},"2":{"name":"(anonymous_2)","decl":{"start":{"line":13,"column":12},"end":{"line":13,"column":13}},"loc":{"start":{"line":13,"column":18},"end":{"line":15,"column":3}},"line":13},"3":{"name":"(anonymous_3)","decl":{"start":{"line":26,"column":24},"end":{"line":26,"column":25}},"loc":{"start":{"line":27,"column":12},"end":{"line":29,"column":18}},"line":27}},"branchMap":{"0":{"loc":{"start":{"line":20,"column":7},"end":{"line":32,"column":7}},"type":"cond-expr","locations":[{"start":{"line":21,"column":8},"end":{"line":21,"column":27}},{"start":{"line":22,"column":10},"end":{"line":32,"column":7}}],"line":20},"1":{"loc":{"start":{"line":22,"column":10},"end":{"line":32,"column":7}},"type":"cond-expr","locations":[{"start":{"line":23,"column":8},"end":{"line":23,"column":24}},{"start":{"line":25,"column":8},"end":{"line":31,"column":14}}],"line":22}},"s":{"0":3,"1":1,"2":0,"3":0,"4":0,"5":0,"6":0,"7":0,"8":0},"f":{"0":1,"1":0,"2":0,"3":0},"b":{"0":[0,0],"1":[0,0]},"_coverageSchema":"1a1c01bbd47fc00a2c39e90264f33305004495a9","hash":"22026a84f65a639285162f03e709edfcc10751e0"}
}
