{"/Users/bartkalanski/Desktop/coding-projects/react/ecommerce-mern/frontend/src/screens/HomeScreen.js": {"path":"/Users/bartkalanski/Desktop/coding-projects/react/ecommerce-mern/frontend/src/screens/HomeScreen.js","statementMap":{"0":{"start":{"line":6,"column":19},"end":{"line":19,"column":1}},"1":{"start":{"line":7,"column":2},"end":{"line":18,"column":4}},"2":{"start":{"line":12,"column":10},"end":{"line":14,"column":16}}},"fnMap":{"0":{"name":"(anonymous_0)","decl":{"start":{"line":6,"column":19},"end":{"line":6,"column":20}},"loc":{"start":{"line":6,"column":25},"end":{"line":19,"column":1}},"line":6},"1":{"name":"(anonymous_1)","decl":{"start":{"line":11,"column":22},"end":{"line":11,"column":23}},"loc":{"start":{"line":12,"column":10},"end":{"line":14,"column":16}},"line":12}},"branchMap":{},"s":{"0":3,"1":1,"2":6},"f":{"0":1,"1":6},"b":{},"_coverageSchema":"1a1c01bbd47fc00a2c39e90264f33305004495a9","hash":"cabe125d1708038164a6031b362c7d6900bd1df8"}
,"/Users/bartkalanski/Desktop/coding-projects/react/ecommerce-mern/frontend/src/screens/ProductScreen.js": {"path":"/Users/bartkalanski/Desktop/coding-projects/react/ecommerce-mern/frontend/src/screens/ProductScreen.js","statementMap":{"0":{"start":{"line":7,"column":22},"end":{"line":63,"column":1}},"1":{"start":{"line":8,"column":18},"end":{"line":8,"column":65}},"2":{"start":{"line":8,"column":39},"end":{"line":8,"column":64}},"3":{"start":{"line":9,"column":2},"end":{"line":62,"column":4}}},"fnMap":{"0":{"name":"(anonymous_0)","decl":{"start":{"line":7,"column":22},"end":{"line":7,"column":23}},"loc":{"start":{"line":7,"column":37},"end":{"line":63,"column":1}},"line":7},"1":{"name":"(anonymous_1)","decl":{"start":{"line":8,"column":32},"end":{"line":8,"column":33}},"loc":{"start":{"line":8,"column":39},"end":{"line":8,"column":64}},"line":8}},"branchMap":{"0":{"loc":{"start":{"line":48,"column":21},"end":{"line":48,"column":75}},"type":"cond-expr","locations":[{"start":{"line":48,"column":48},"end":{"line":48,"column":58}},{"start":{"line":48,"column":61},"end":{"line":48,"column":75}}],"line":48}},"s":{"0":3,"1":3,"2":8,"3":3},"f":{"0":3,"1":8},"b":{"0":[2,1]},"_coverageSchema":"1a1c01bbd47fc00a2c39e90264f33305004495a9","hash":"a9acfb78fafafc3507090003bb44dc0e097a1b61"}
}
